[ 2018-08-30T08:11:55+08:00 ] ::1 /favicon.ico
INFO: [ app_init ] --START--
INFO: Run Behavior\BuildLiteBehavior [ RunTime:0.000000s ]
INFO: [ app_init ] --END-- [ RunTime:0.001000s ]
ERR: 无法加载模块:Favicon

[ 2018-08-30T08:40:26+08:00 ] ::1 /web/admin
INFO: [ app_init ] --START--
INFO: Run Behavior\BuildLiteBehavior [ RunTime:0.000000s ]
INFO: [ app_init ] --END-- [ RunTime:0.001000s ]
ERR: 无法加载模块:Web

[ 2018-08-30T08:40:36+08:00 ] ::1 /web/%E7%99%BE%E4%BA%BF%E6%AC%A7%E7%BD%91%E7%AB%99%E7%AE%A1%E7%90%86%E4%B8%AD%E5%BF%83_files/Images/top_bg.jpg
INFO: [ app_init ] --START--
INFO: Run Behavior\BuildLiteBehavior [ RunTime:0.000000s ]
INFO: [ app_init ] --END-- [ RunTime:0.001000s ]
ERR: 无法加载模块:Web

[ 2018-08-30T08:40:36+08:00 ] ::1 /Images/top_tt_bg.gif
INFO: [ app_init ] --START--
INFO: Run Behavior\BuildLiteBehavior [ RunTime:0.000000s ]
INFO: [ app_init ] --END-- [ RunTime:0.001000s ]
ERR: 无法加载模块:Images

[ 2018-08-30T08:40:37+08:00 ] ::1 /web/%E7%99%BE%E4%BA%BF%E6%AC%A7%E7%BD%91%E7%AB%99%E7%AE%A1%E7%90%86%E4%B8%AD%E5%BF%83_files/Images/left_tt.gif
INFO: [ app_init ] --START--
INFO: Run Behavior\BuildLiteBehavior [ RunTime:0.000000s ]
INFO: [ app_init ] --END-- [ RunTime:0.001000s ]
ERR: 无法加载模块:Web

[ 2018-08-30T08:41:56+08:00 ] ::1 /web/%E7%99%BE%E4%BA%BF%E6%AC%A7%E7%BD%91%E7%AB%99%E7%AE%A1%E7%90%86%E4%B8%AD%E5%BF%83_files/Images/top_bg.jpg
INFO: [ app_init ] --START--
INFO: Run Behavior\BuildLiteBehavior [ RunTime:0.000000s ]
INFO: [ app_init ] --END-- [ RunTime:0.001000s ]
ERR: 无法加载模块:Web

[ 2018-08-30T08:41:56+08:00 ] ::1 /Images/top_tt_bg.gif
INFO: [ app_init ] --START--
INFO: Run Behavior\BuildLiteBehavior [ RunTime:0.000000s ]
INFO: [ app_init ] --END-- [ RunTime:0.001000s ]
ERR: 无法加载模块:Images

[ 2018-08-30T08:41:56+08:00 ] ::1 /web/%E7%99%BE%E4%BA%BF%E6%AC%A7%E7%BD%91%E7%AB%99%E7%AE%A1%E7%90%86%E4%B8%AD%E5%BF%83_files/Images/left_tt.gif
INFO: [ app_init ] --START--
INFO: Run Behavior\BuildLiteBehavior [ RunTime:0.000000s ]
INFO: [ app_init ] --END-- [ RunTime:0.001000s ]
ERR: 无法加载模块:Web

[ 2018-08-30T08:58:11+08:00 ] ::1 /Images/top_tt_bg.gif
INFO: [ app_init ] --START--
INFO: Run Behavior\BuildLiteBehavior [ RunTime:0.000000s ]
INFO: [ app_init ] --END-- [ RunTime:0.000000s ]
ERR: 无法加载模块:Images

[ 2018-08-30T08:58:11+08:00 ] ::1 /web/%E7%99%BE%E4%BA%BF%E6%AC%A7%E7%BD%91%E7%AB%99%E7%AE%A1%E7%90%86%E4%B8%AD%E5%BF%83_files/Images/top_bg.jpg
INFO: [ app_init ] --START--
INFO: Run Behavior\BuildLiteBehavior [ RunTime:0.000000s ]
INFO: [ app_init ] --END-- [ RunTime:0.001000s ]
ERR: 无法加载模块:Web

[ 2018-08-30T08:58:11+08:00 ] ::1 /web/%E7%99%BE%E4%BA%BF%E6%AC%A7%E7%BD%91%E7%AB%99%E7%AE%A1%E7%90%86%E4%B8%AD%E5%BF%83_files/Images/left_tt.gif
INFO: [ app_init ] --START--
INFO: Run Behavior\BuildLiteBehavior [ RunTime:0.000000s ]
INFO: [ app_init ] --END-- [ RunTime:0.001000s ]
ERR: 无法加载模块:Web

[ 2018-08-30T09:01:24+08:00 ] ::1 /web/%E7%99%BE%E4%BA%BF%E6%AC%A7%E7%BD%91%E7%AB%99%E7%AE%A1%E7%90%86%E4%B8%AD%E5%BF%83_files/Images/top_bg.jpg
INFO: [ app_init ] --START--
INFO: Run Behavior\BuildLiteBehavior [ RunTime:0.000000s ]
INFO: [ app_init ] --END-- [ RunTime:0.000000s ]
ERR: 无法加载模块:Web

[ 2018-08-30T09:01:24+08:00 ] ::1 /Images/top_tt_bg.gif
INFO: [ app_init ] --START--
INFO: Run Behavior\BuildLiteBehavior [ RunTime:0.000000s ]
INFO: [ app_init ] --END-- [ RunTime:0.000000s ]
ERR: 无法加载模块:Images

[ 2018-08-30T09:01:24+08:00 ] ::1 /web/%E7%99%BE%E4%BA%BF%E6%AC%A7%E7%BD%91%E7%AB%99%E7%AE%A1%E7%90%86%E4%B8%AD%E5%BF%83_files/Images/left_tt.gif
INFO: [ app_init ] --START--
INFO: Run Behavior\BuildLiteBehavior [ RunTime:0.000000s ]
INFO: [ app_init ] --END-- [ RunTime:0.000000s ]
ERR: 无法加载模块:Web

[ 2018-08-30T09:03:02+08:00 ] ::1 /web/%E7%99%BE%E4%BA%BF%E6%AC%A7%E7%BD%91%E7%AB%99%E7%AE%A1%E7%90%86%E4%B8%AD%E5%BF%83_files/Images/top_bg.jpg
INFO: [ app_init ] --START--
INFO: Run Behavior\BuildLiteBehavior [ RunTime:0.000000s ]
INFO: [ app_init ] --END-- [ RunTime:0.001000s ]
ERR: 无法加载模块:Web

[ 2018-08-30T09:03:03+08:00 ] ::1 /Images/top_tt_bg.gif
INFO: [ app_init ] --START--
INFO: Run Behavior\BuildLiteBehavior [ RunTime:0.000000s ]
INFO: [ app_init ] --END-- [ RunTime:0.000000s ]
ERR: 无法加载模块:Images

[ 2018-08-30T09:03:03+08:00 ] ::1 /web/%E7%99%BE%E4%BA%BF%E6%AC%A7%E7%BD%91%E7%AB%99%E7%AE%A1%E7%90%86%E4%B8%AD%E5%BF%83_files/Images/left_tt.gif
INFO: [ app_init ] --START--
INFO: Run Behavior\BuildLiteBehavior [ RunTime:0.000000s ]
INFO: [ app_init ] --END-- [ RunTime:0.001000s ]
ERR: 无法加载模块:Web

[ 2018-08-30T09:18:59+08:00 ] ::1 /Uploads/banner/20180827/th_5b83979a57905.jpg
INFO: [ app_init ] --START--
INFO: Run Behavior\BuildLiteBehavior [ RunTime:0.000000s ]
INFO: [ app_init ] --END-- [ RunTime:0.001000s ]
ERR: 无法加载模块:Uploads

[ 2018-08-30T09:18:59+08:00 ] ::1 /Uploads/banner/20180827/th_5b8397aab7406.jpg
INFO: [ app_init ] --START--
INFO: Run Behavior\BuildLiteBehavior [ RunTime:0.000000s ]
INFO: [ app_init ] --END-- [ RunTime:0.000000s ]
ERR: 无法加载模块:Uploads

[ 2018-08-30T09:18:59+08:00 ] ::1 /Uploads/depimg/20180824/5b7facca77ae3.jpg
INFO: [ app_init ] --START--
INFO: Run Behavior\BuildLiteBehavior [ RunTime:0.000000s ]
INFO: [ app_init ] --END-- [ RunTime:0.000000s ]
ERR: 无法加载模块:Uploads

[ 2018-08-30T09:18:59+08:00 ] ::1 /Uploads/depimg/20180824/5b7facb6c9ae6.jpg
INFO: [ app_init ] --START--
INFO: Run Behavior\BuildLiteBehavior [ RunTime:0.000000s ]
INFO: [ app_init ] --END-- [ RunTime:0.001000s ]
ERR: 无法加载模块:Uploads

[ 2018-08-30T09:18:59+08:00 ] ::1 /Uploads/depimg/20180824/5b7fa8c7731ad.jpg
INFO: [ app_init ] --START--
INFO: Run Behavior\BuildLiteBehavior [ RunTime:0.000000s ]
INFO: [ app_init ] --END-- [ RunTime:0.001000s ]
ERR: 无法加载模块:Uploads

[ 2018-08-30T09:18:59+08:00 ] ::1 /Uploads/news3/20180827/5b83a61612fa2.png
INFO: [ app_init ] --START--
INFO: Run Behavior\BuildLiteBehavior [ RunTime:0.000000s ]
INFO: [ app_init ] --END-- [ RunTime:0.000000s ]
ERR: 无法加载模块:Uploads

[ 2018-08-30T09:18:59+08:00 ] ::1 /Uploads/news3/20180827/5b83a63b673d2.png
INFO: [ app_init ] --START--
INFO: Run Behavior\BuildLiteBehavior [ RunTime:0.000000s ]
INFO: [ app_init ] --END-- [ RunTime:0.001000s ]
ERR: 无法加载模块:Uploads

[ 2018-08-30T09:18:59+08:00 ] ::1 /Uploads/news3/20180824/th_5b7fb1d96fe27.jpg
INFO: [ app_init ] --START--
INFO: Run Behavior\BuildLiteBehavior [ RunTime:0.000000s ]
INFO: [ app_init ] --END-- [ RunTime:0.000000s ]
ERR: 无法加载模块:Uploads

[ 2018-08-30T09:18:59+08:00 ] ::1 /Uploads/news3/20180824/th_5b7fb1d0c10ff.jpg
INFO: [ app_init ] --START--
INFO: Run Behavior\BuildLiteBehavior [ RunTime:0.000000s ]
INFO: [ app_init ] --END-- [ RunTime:0.000000s ]
ERR: 无法加载模块:Uploads

[ 2018-08-30T09:18:59+08:00 ] ::1 /Uploads/news3/20180827/5b83aa378cad8.png
INFO: [ app_init ] --START--
INFO: Run Behavior\BuildLiteBehavior [ RunTime:0.000000s ]
INFO: [ app_init ] --END-- [ RunTime:0.001000s ]
ERR: 无法加载模块:Uploads

[ 2018-08-30T09:18:59+08:00 ] ::1 /Uploads/news3/20180824/th_5b7fb1c39b867.jpg
INFO: [ app_init ] --START--
INFO: Run Behavior\BuildLiteBehavior [ RunTime:0.000000s ]
INFO: [ app_init ] --END-- [ RunTime:0.000000s ]
ERR: 无法加载模块:Uploads

[ 2018-08-30T09:18:59+08:00 ] ::1 /Uploads/news3/20180824/th_5b7fb19f09431.jpg
INFO: [ app_init ] --START--
INFO: Run Behavior\BuildLiteBehavior [ RunTime:0.000000s ]
INFO: [ app_init ] --END-- [ RunTime:0.000000s ]
ERR: 无法加载模块:Uploads

[ 2018-08-30T09:18:59+08:00 ] ::1 /Uploads/news3/20180824/th_5b7fb1b9dc162.jpg
INFO: [ app_init ] --START--
INFO: Run Behavior\BuildLiteBehavior [ RunTime:0.000000s ]
INFO: [ app_init ] --END-- [ RunTime:0.001000s ]
ERR: 无法加载模块:Uploads

[ 2018-08-30T09:18:59+08:00 ] ::1 /Uploads/news3/20180824/th_5b7fb1731af59.jpg
INFO: [ app_init ] --START--
INFO: Run Behavior\BuildLiteBehavior [ RunTime:0.000000s ]
INFO: [ app_init ] --END-- [ RunTime:0.000000s ]
ERR: 无法加载模块:Uploads

[ 2018-08-30T09:19:14+08:00 ] ::1 /Uploads/banner/20180827/th_5b8397aab7406.jpg
INFO: [ app_init ] --START--
INFO: Run Behavior\BuildLiteBehavior [ RunTime:0.000000s ]
INFO: [ app_init ] --END-- [ RunTime:0.001000s ]
ERR: 无法加载模块:Uploads

[ 2018-08-30T09:19:14+08:00 ] ::1 /Uploads/banner/20180827/th_5b83979a57905.jpg
INFO: [ app_init ] --START--
INFO: Run Behavior\BuildLiteBehavior [ RunTime:0.000000s ]
INFO: [ app_init ] --END-- [ RunTime:0.000000s ]
ERR: 无法加载模块:Uploads

[ 2018-08-30T09:19:14+08:00 ] ::1 /Uploads/news3/20180827/5b83a61612fa2.png
INFO: [ app_init ] --START--
INFO: Run Behavior\BuildLiteBehavior [ RunTime:0.000000s ]
INFO: [ app_init ] --END-- [ RunTime:0.001000s ]
ERR: 无法加载模块:Uploads

[ 2018-08-30T09:19:14+08:00 ] ::1 /Uploads/news3/20180827/5b83a63b673d2.png
INFO: [ app_init ] --START--
INFO: Run Behavior\BuildLiteBehavior [ RunTime:0.000000s ]
INFO: [ app_init ] --END-- [ RunTime:0.003000s ]
ERR: 无法加载模块:Uploads

[ 2018-08-30T09:19:14+08:00 ] ::1 /Uploads/news3/20180827/5b83aa378cad8.png
INFO: [ app_init ] --START--
INFO: Run Behavior\BuildLiteBehavior [ RunTime:0.000000s ]
INFO: [ app_init ] --END-- [ RunTime:0.001000s ]
ERR: 无法加载模块:Uploads

[ 2018-08-30T09:19:14+08:00 ] ::1 /Uploads/news3/20180824/th_5b7fb1d96fe27.jpg
INFO: [ app_init ] --START--
INFO: Run Behavior\BuildLiteBehavior [ RunTime:0.000000s ]
INFO: [ app_init ] --END-- [ RunTime:0.001001s ]
ERR: 无法加载模块:Uploads

[ 2018-08-30T09:19:14+08:00 ] ::1 /Uploads/news3/20180824/th_5b7fb1c39b867.jpg
INFO: [ app_init ] --START--
INFO: Run Behavior\BuildLiteBehavior [ RunTime:0.000000s ]
INFO: [ app_init ] --END-- [ RunTime:0.000000s ]
ERR: 无法加载模块:Uploads

[ 2018-08-30T09:19:14+08:00 ] ::1 /Uploads/news3/20180824/th_5b7fb1d0c10ff.jpg
INFO: [ app_init ] --START--
INFO: Run Behavior\BuildLiteBehavior [ RunTime:0.000000s ]
INFO: [ app_init ] --END-- [ RunTime:0.000000s ]
ERR: 无法加载模块:Uploads

[ 2018-08-30T09:19:14+08:00 ] ::1 /Uploads/news3/20180824/th_5b7fb19f09431.jpg
INFO: [ app_init ] --START--
INFO: Run Behavior\BuildLiteBehavior [ RunTime:0.000000s ]
INFO: [ app_init ] --END-- [ RunTime:0.000000s ]
ERR: 无法加载模块:Uploads

[ 2018-08-30T09:19:14+08:00 ] ::1 /Uploads/news3/20180824/th_5b7fb1b9dc162.jpg
INFO: [ app_init ] --START--
INFO: Run Behavior\BuildLiteBehavior [ RunTime:0.000000s ]
INFO: [ app_init ] --END-- [ RunTime:0.000000s ]
ERR: 无法加载模块:Uploads

[ 2018-08-30T09:19:14+08:00 ] ::1 /Uploads/news3/20180824/th_5b7fb1731af59.jpg
INFO: [ app_init ] --START--
INFO: Run Behavior\BuildLiteBehavior [ RunTime:0.000000s ]
INFO: [ app_init ] --END-- [ RunTime:0.000000s ]
ERR: 无法加载模块:Uploads

[ 2018-08-30T09:19:14+08:00 ] ::1 /Uploads/depimg/20180824/5b7facb6c9ae6.jpg
INFO: [ app_init ] --START--
INFO: Run Behavior\BuildLiteBehavior [ RunTime:0.000000s ]
INFO: [ app_init ] --END-- [ RunTime:0.000000s ]
ERR: 无法加载模块:Uploads

[ 2018-08-30T09:19:14+08:00 ] ::1 /Uploads/depimg/20180824/5b7fa8c7731ad.jpg
INFO: [ app_init ] --START--
INFO: Run Behavior\BuildLiteBehavior [ RunTime:0.000000s ]
INFO: [ app_init ] --END-- [ RunTime:0.000000s ]
ERR: 无法加载模块:Uploads

[ 2018-08-30T09:19:14+08:00 ] ::1 /Uploads/depimg/20180824/5b7facca77ae3.jpg
INFO: [ app_init ] --START--
INFO: Run Behavior\BuildLiteBehavior [ RunTime:0.000000s ]
INFO: [ app_init ] --END-- [ RunTime:0.004000s ]
ERR: 无法加载模块:Uploads

[ 2018-08-30T09:19:23+08:00 ] ::1 /Admin/Login/login
INFO: [ app_init ] --START--
INFO: Run Behavior\BuildLiteBehavior [ RunTime:0.000000s ]
INFO: [ app_init ] --END-- [ RunTime:0.001000s ]
ERR: 无法加载模块:Admin

[ 2018-08-30T09:19:40+08:00 ] ::1 /Admin/Login/login
INFO: [ app_init ] --START--
INFO: Run Behavior\BuildLiteBehavior [ RunTime:0.000000s ]
INFO: [ app_init ] --END-- [ RunTime:0.000000s ]
ERR: 无法加载模块:Admin

[ 2018-08-30T09:19:55+08:00 ] ::1 /Admin/Login/login
INFO: [ app_init ] --START--
INFO: Run Behavior\BuildLiteBehavior [ RunTime:0.000000s ]
INFO: [ app_init ] --END-- [ RunTime:0.000000s ]
ERR: 无法加载模块:Admin

[ 2018-08-30T09:20:08+08:00 ] ::1 /index.php/Admin/Login/login
INFO: [ app_init ] --START--
INFO: Run Behavior\BuildLiteBehavior [ RunTime:0.000000s ]
INFO: [ app_init ] --END-- [ RunTime:0.000000s ]
ERR: 无法加载模块:Admin

[ 2018-08-30T09:20:11+08:00 ] ::1 /index.php/Admin/Login/login
INFO: [ app_init ] --START--
INFO: Run Behavior\BuildLiteBehavior [ RunTime:0.000000s ]
INFO: [ app_init ] --END-- [ RunTime:0.000000s ]
ERR: 无法加载模块:Admin

[ 2018-08-30T09:25:58+08:00 ] ::1 /favicon.ico
INFO: [ app_init ] --START--
INFO: Run Behavior\BuildLiteBehavior [ RunTime:0.000000s ]
INFO: [ app_init ] --END-- [ RunTime:0.000000s ]
ERR: 无法加载模块:Favicon

[ 2018-08-30T10:17:44+08:00 ] ::1 /favicon.ico
INFO: [ app_init ] --START--
INFO: Run Behavior\BuildLiteBehavior [ RunTime:0.000000s ]
INFO: [ app_init ] --END-- [ RunTime:0.000000s ]
ERR: 无法加载模块:Favicon

[ 2018-08-30T10:18:04+08:00 ] ::1 /favicon.ico
INFO: [ app_init ] --START--
INFO: Run Behavior\BuildLiteBehavior [ RunTime:0.000000s ]
INFO: [ app_init ] --END-- [ RunTime:0.001000s ]
ERR: 无法加载模块:Favicon

[ 2018-08-30T10:18:16+08:00 ] ::1 /favicon.ico
INFO: [ app_init ] --START--
INFO: Run Behavior\BuildLiteBehavior [ RunTime:0.000000s ]
INFO: [ app_init ] --END-- [ RunTime:0.001000s ]
ERR: 无法加载模块:Favicon

[ 2018-08-30T10:38:19+08:00 ] ::1 /favicon.ico
INFO: [ app_init ] --START--
INFO: Run Behavior\BuildLiteBehavior [ RunTime:0.000000s ]
INFO: [ app_init ] --END-- [ RunTime:0.001000s ]
ERR: 无法加载模块:Favicon

[ 2018-08-30T10:46:14+08:00 ] ::1 /favicon.ico
INFO: [ app_init ] --START--
INFO: Run Behavior\BuildLiteBehavior [ RunTime:0.000000s ]
INFO: [ app_init ] --END-- [ RunTime:0.001000s ]
ERR: 无法加载模块:Favicon

[ 2018-08-30T13:57:03+08:00 ] ::1 /favicon.ico
INFO: [ app_init ] --START--
INFO: Run Behavior\BuildLiteBehavior [ RunTime:0.000000s ]
INFO: [ app_init ] --END-- [ RunTime:0.001000s ]
ERR: 无法加载模块:Favicon

[ 2018-08-30T14:01:58+08:00 ] ::1 /favicon.ico
INFO: [ app_init ] --START--
INFO: Run Behavior\BuildLiteBehavior [ RunTime:0.000000s ]
INFO: [ app_init ] --END-- [ RunTime:0.001000s ]
ERR: 无法加载模块:Favicon

[ 2018-08-30T14:12:39+08:00 ] ::1 /5b878ad0cc06d.jpg
INFO: [ app_init ] --START--
INFO: Run Behavior\BuildLiteBehavior [ RunTime:0.000000s ]
INFO: [ app_init ] --END-- [ RunTime:0.001000s ]
ERR: 无法加载模块:5b878ad0cc06d

[ 2018-08-30T14:16:19+08:00 ] ::1 /Uploads/touxiang/5b878ad0cc06d.jpg
INFO: [ app_init ] --START--
INFO: Run Behavior\BuildLiteBehavior [ RunTime:0.000000s ]
INFO: [ app_init ] --END-- [ RunTime:0.000000s ]
ERR: 无法加载模块:Uploads

[ 2018-08-30T14:18:29+08:00 ] ::1 /Uploads/touxiang/5b878bbd77325.png
INFO: [ app_init ] --START--
INFO: Run Behavior\BuildLiteBehavior [ RunTime:0.000000s ]
INFO: [ app_init ] --END-- [ RunTime:0.001001s ]
ERR: 无法加载模块:Uploads

[ 2018-08-30T14:55:33+08:00 ] ::1 /favicon.ico
INFO: [ app_init ] --START--
INFO: Run Behavior\BuildLiteBehavior [ RunTime:0.000000s ]
INFO: [ app_init ] --END-- [ RunTime:0.001001s ]
ERR: 无法加载模块:Favicon

[ 2018-08-30T14:56:36+08:00 ] ::1 /favicon.ico
INFO: [ app_init ] --START--
INFO: Run Behavior\BuildLiteBehavior [ RunTime:0.000000s ]
INFO: [ app_init ] --END-- [ RunTime:0.001001s ]
ERR: 无法加载模块:Favicon

[ 2018-08-30T15:15:31+08:00 ] ::1 /favicon.ico
INFO: [ app_init ] --START--
INFO: Run Behavior\BuildLiteBehavior [ RunTime:0.000000s ]
INFO: [ app_init ] --END-- [ RunTime:0.000000s ]
ERR: 无法加载模块:Favicon

[ 2018-08-30T15:23:34+08:00 ] ::1 /favicon.ico
INFO: [ app_init ] --START--
INFO: Run Behavior\BuildLiteBehavior [ RunTime:0.000000s ]
INFO: [ app_init ] --END-- [ RunTime:0.001000s ]
ERR: 无法加载模块:Favicon

[ 2018-08-30T15:24:26+08:00 ] ::1 /favicon.ico
INFO: [ app_init ] --START--
INFO: Run Behavior\BuildLiteBehavior [ RunTime:0.000000s ]
INFO: [ app_init ] --END-- [ RunTime:0.000000s ]
ERR: 无法加载模块:Favicon

[ 2018-08-30T15:31:09+08:00 ] ::1 /favicon.ico
INFO: [ app_init ] --START--
INFO: Run Behavior\BuildLiteBehavior [ RunTime:0.000000s ]
INFO: [ app_init ] --END-- [ RunTime:0.000000s ]
ERR: 无法加载模块:Favicon

[ 2018-08-30T15:41:07+08:00 ] ::1 /web/ercode
INFO: [ app_init ] --START--
INFO: Run Behavior\BuildLiteBehavior [ RunTime:0.000000s ]
INFO: [ app_init ] --END-- [ RunTime:0.000000s ]
ERR: 无法加载模块:Web

[ 2018-08-30T15:42:14+08:00 ] ::1 /web/ercode.html
INFO: [ app_init ] --START--
INFO: Run Behavior\BuildLiteBehavior [ RunTime:0.000000s ]
INFO: [ app_init ] --END-- [ RunTime:0.000000s ]
ERR: 无法加载模块:Web

[ 2018-08-30T15:42:17+08:00 ] ::1 /web/ercode.html
INFO: [ app_init ] --START--
INFO: Run Behavior\BuildLiteBehavior [ RunTime:0.000000s ]
INFO: [ app_init ] --END-- [ RunTime:0.000000s ]
ERR: 无法加载模块:Web

[ 2018-08-30T15:43:32+08:00 ] ::1 /favicon.ico
INFO: [ app_init ] --START--
INFO: Run Behavior\BuildLiteBehavior [ RunTime:0.000000s ]
INFO: [ app_init ] --END-- [ RunTime:0.000000s ]
ERR: 无法加载模块:Favicon

[ 2018-08-30T15:43:36+08:00 ] ::1 /favicon.ico
INFO: [ app_init ] --START--
INFO: Run Behavior\BuildLiteBehavior [ RunTime:0.001000s ]
INFO: [ app_init ] --END-- [ RunTime:0.001000s ]
ERR: 无法加载模块:Favicon

[ 2018-08-30T15:45:21+08:00 ] ::1 /favicon.ico
INFO: [ app_init ] --START--
INFO: Run Behavior\BuildLiteBehavior [ RunTime:0.000000s ]
INFO: [ app_init ] --END-- [ RunTime:0.001000s ]
ERR: 无法加载模块:Favicon

[ 2018-08-30T15:52:54+08:00 ] ::1 /favicon.ico
INFO: [ app_init ] --START--
INFO: Run Behavior\BuildLiteBehavior [ RunTime:0.000000s ]
INFO: [ app_init ] --END-- [ RunTime:0.000000s ]
ERR: 无法加载模块:Favicon

[ 2018-08-30T15:56:32+08:00 ] ::1 /favicon.ico
INFO: [ app_init ] --START--
INFO: Run Behavior\BuildLiteBehavior [ RunTime:0.000000s ]
INFO: [ app_init ] --END-- [ RunTime:0.001000s ]
ERR: 无法加载模块:Favicon

[ 2018-08-30T15:56:55+08:00 ] ::1 /favicon.ico
INFO: [ app_init ] --START--
INFO: Run Behavior\BuildLiteBehavior [ RunTime:0.000000s ]
INFO: [ app_init ] --END-- [ RunTime:0.001000s ]
ERR: 无法加载模块:Favicon

[ 2018-08-30T16:03:25+08:00 ] ::1 /favicon.ico
INFO: [ app_init ] --START--
INFO: Run Behavior\BuildLiteBehavior [ RunTime:0.000000s ]
INFO: [ app_init ] --END-- [ RunTime:0.001000s ]
ERR: 无法加载模块:Favicon

[ 2018-08-30T16:04:13+08:00 ] ::1 /web/qrcode.png
INFO: [ app_init ] --START--
INFO: Run Behavior\BuildLiteBehavior [ RunTime:0.000000s ]
INFO: [ app_init ] --END-- [ RunTime:0.000000s ]
ERR: 无法加载模块:Web

[ 2018-08-30T16:04:53+08:00 ] ::1 /web/qrcode.png
INFO: [ app_init ] --START--
INFO: Run Behavior\BuildLiteBehavior [ RunTime:0.000000s ]
INFO: [ app_init ] --END-- [ RunTime:0.000000s ]
ERR: 无法加载模块:Web

[ 2018-08-30T16:04:54+08:00 ] ::1 /web/qrcode.png
INFO: [ app_init ] --START--
INFO: Run Behavior\BuildLiteBehavior [ RunTime:0.000000s ]
INFO: [ app_init ] --END-- [ RunTime:0.001000s ]
ERR: 无法加载模块:Web

[ 2018-08-30T16:04:56+08:00 ] ::1 /web/qrcode.png
INFO: [ app_init ] --START--
INFO: Run Behavior\BuildLiteBehavior [ RunTime:0.000000s ]
INFO: [ app_init ] --END-- [ RunTime:0.001000s ]
ERR: 无法加载模块:Web

[ 2018-08-30T16:04:56+08:00 ] ::1 /favicon.ico
INFO: [ app_init ] --START--
INFO: Run Behavior\BuildLiteBehavior [ RunTime:0.000000s ]
INFO: [ app_init ] --END-- [ RunTime:0.001000s ]
ERR: 无法加载模块:Favicon

[ 2018-08-30T16:06:23+08:00 ] ::1 /web/qrcode.png
INFO: [ app_init ] --START--
INFO: Run Behavior\BuildLiteBehavior [ RunTime:0.000000s ]
INFO: [ app_init ] --END-- [ RunTime:0.000000s ]
ERR: 无法加载模块:Web

[ 2018-08-30T16:15:08+08:00 ] ::1 /favicon.ico
INFO: [ app_init ] --START--
INFO: Run Behavior\BuildLiteBehavior [ RunTime:0.000000s ]
INFO: [ app_init ] --END-- [ RunTime:0.001000s ]
ERR: 无法加载模块:Favicon

[ 2018-08-30T16:20:17+08:00 ] ::1 /favicon.ico
INFO: [ app_init ] --START--
INFO: Run Behavior\BuildLiteBehavior [ RunTime:0.000000s ]
INFO: [ app_init ] --END-- [ RunTime:0.000000s ]
ERR: 无法加载模块:Favicon

[ 2018-08-30T16:20:17+08:00 ] ::1 /favicon.ico
INFO: [ app_init ] --START--
INFO: Run Behavior\BuildLiteBehavior [ RunTime:0.000000s ]
INFO: [ app_init ] --END-- [ RunTime:0.001000s ]
ERR: 无法加载模块:Favicon

[ 2018-08-30T16:20:17+08:00 ] ::1 /favicon.ico
INFO: [ app_init ] --START--
INFO: Run Behavior\BuildLiteBehavior [ RunTime:0.000000s ]
INFO: [ app_init ] --END-- [ RunTime:0.000000s ]
ERR: 无法加载模块:Favicon

[ 2018-08-30T16:20:17+08:00 ] ::1 /favicon.ico
INFO: [ app_init ] --START--
INFO: Run Behavior\BuildLiteBehavior [ RunTime:0.000000s ]
INFO: [ app_init ] --END-- [ RunTime:0.001000s ]
ERR: 无法加载模块:Favicon

